2016-10-06T13:05:04 state/node/presentation/sketchName: Thermostat Starting Up...
2016-10-06T13:05:04 state/node/presentation/sketchVersion: 2.0.1
2016-10-06T13:05:04 state/heatControl/presentation/heatControl: 
2016-10-06T13:05:04 state/fanControl/presentation/fanControl: 
2016-10-06T13:05:04 state/holdControl/presentation/holdControl: 
2016-10-06T13:05:04 state/tempSlider/presentation/tempSlider: 
2016-10-06T13:05:04 state/weatherForecastToday/presentation/weatherForecastToday: 
2016-10-06T13:05:04 state/weatherForecastTomorrow/presentation/weatherForecastTomorrow: 
2016-10-06T13:05:04 state/heat/presentation/heat: 
2016-10-06T13:05:04 state/fan/presentation/fan: 
2016-10-06T13:05:04 state/motionSensor/presentation/motionSensor: 
2016-10-06T13:05:04 state/temperatureSensor/presentation/temperatureSensor: 
2016-10-06T13:05:04 state/screen/presentation/screen: 
2016-10-06T13:05:04 state/scheduler/presentation/scheduler: 
2016-10-06T13:05:04 state/webserver/presentation/webserver: 
2016-10-06T13:06:45 state/node/presentation/sketchName: Thermostat Starting Up...
2016-10-06T13:06:45 state/node/presentation/sketchVersion: 2.0.1
2016-10-06T13:06:45 state/heatControl/presentation/heatControl: 
2016-10-06T13:06:45 state/fanControl/presentation/fanControl: 
2016-10-06T13:06:45 state/holdControl/presentation/holdControl: 
2016-10-06T13:06:45 state/tempSlider/presentation/tempSlider: 
2016-10-06T13:06:45 state/weatherForecastToday/presentation/weatherForecastToday: 
2016-10-06T13:06:45 state/weatherForecastTomorrow/presentation/weatherForecastTomorrow: 
2016-10-06T13:06:45 state/heat/presentation/heat: 
2016-10-06T13:06:45 state/fan/presentation/fan: 
2016-10-06T13:06:45 state/motionSensor/presentation/motionSensor: 
2016-10-06T13:06:45 state/temperatureSensor/presentation/temperatureSensor: 
2016-10-06T13:06:45 state/screen/presentation/screen: 
2016-10-06T13:06:45 state/scheduler/presentation/scheduler: 
2016-10-06T13:06:45 state/webserver/presentation/webserver: 
2016-10-06T13:07:47 state/node/presentation/sketchName: Thermostat Starting Up...
2016-10-06T13:07:47 state/node/presentation/sketchVersion: 2.0.1
2016-10-06T13:07:47 state/heatControl/presentation/heatControl: 
2016-10-06T13:07:47 state/fanControl/presentation/fanControl: 
2016-10-06T13:07:47 state/holdControl/presentation/holdControl: 
2016-10-06T13:07:47 state/tempSlider/presentation/tempSlider: 
2016-10-06T13:07:47 state/weatherForecastToday/presentation/weatherForecastToday: 
2016-10-06T13:07:47 state/weatherForecastTomorrow/presentation/weatherForecastTomorrow: 
2016-10-06T13:07:47 state/heat/presentation/heat: 
2016-10-06T13:07:47 state/fan/presentation/fan: 
2016-10-06T13:07:47 state/motionSensor/presentation/motionSensor: 
2016-10-06T13:07:47 state/temperatureSensor/presentation/temperatureSensor: 
2016-10-06T13:07:47 state/screen/presentation/screen: 
2016-10-06T13:07:47 state/scheduler/presentation/scheduler: 
2016-10-06T13:07:47 state/webserver/presentation/webserver: 
2016-10-06T13:07:47 state/heatControl/set/binaryStatus: 0
2016-10-06T13:07:47 state/fanControl/set/binaryStatus: 0
2016-10-06T13:07:47 state/holdControl/set/binaryStatus: 0
2016-10-06T13:14:08 state/node/presentation/sketchName: Thermostat Starting Up...
2016-10-06T13:14:08 state/node/presentation/sketchVersion: 2.0.1
2016-10-06T13:14:08 state/heatControl/presentation/heatControl: 
2016-10-06T13:14:08 state/fanControl/presentation/fanControl: 
2016-10-06T13:14:08 state/holdControl/presentation/holdControl: 
2016-10-06T13:14:08 state/tempSlider/presentation/tempSlider: 
2016-10-06T13:14:08 state/weatherForecastToday/presentation/weatherForecastToday: 
2016-10-06T13:14:08 state/weatherForecastTomorrow/presentation/weatherForecastTomorrow: 
2016-10-06T13:14:08 state/heat/presentation/heat: 
2016-10-06T13:14:08 state/fan/presentation/fan: 
2016-10-06T13:14:08 state/motionSensor/presentation/motionSensor: 
2016-10-06T13:14:08 state/temperatureSensor/presentation/temperatureSensor: 
2016-10-06T13:14:08 state/screen/presentation/screen: 
2016-10-06T13:14:08 state/scheduler/presentation/scheduler: 
2016-10-06T13:14:08 state/webserver/presentation/webserver: 
2016-10-06T13:14:08 state/heatControl/set/binaryStatus: 0
2016-10-06T13:14:08 state/fanControl/set/binaryStatus: 0
2016-10-06T13:14:08 state/holdControl/set/binaryStatus: 0
2016-10-06T13:14:51 state/node/presentation/sketchName: Thermostat Starting Up...
2016-10-06T13:14:51 state/node/presentation/sketchVersion: 2.0.1
2016-10-06T13:14:51 state/heatControl/presentation/heatControl: 
2016-10-06T13:14:51 state/fanControl/presentation/fanControl: 
2016-10-06T13:14:51 state/holdControl/presentation/holdControl: 
2016-10-06T13:14:51 state/tempSlider/presentation/tempSlider: 
2016-10-06T13:14:51 state/weatherForecastToday/presentation/weatherForecastToday: 
2016-10-06T13:14:51 state/weatherForecastTomorrow/presentation/weatherForecastTomorrow: 
2016-10-06T13:14:51 state/heat/presentation/heat: 
2016-10-06T13:14:51 state/fan/presentation/fan: 
2016-10-06T13:14:51 state/motionSensor/presentation/motionSensor: 
2016-10-06T13:14:51 state/temperatureSensor/presentation/temperatureSensor: 
2016-10-06T13:14:51 state/screen/presentation/screen: 
2016-10-06T13:14:51 state/scheduler/presentation/scheduler: 
2016-10-06T13:14:51 state/webserver/presentation/webserver: 
2016-10-06T13:14:51 state/heatControl/set/binaryStatus: 0
2016-10-06T13:14:51 state/fanControl/set/binaryStatus: 0
2016-10-06T13:14:51 state/holdControl/set/binaryStatus: 0
2016-10-06T13:15:03 state/node/presentation/sketchName: Thermostat Starting Up...
2016-10-06T13:15:03 state/node/presentation/sketchVersion: 2.0.1
2016-10-06T13:15:03 state/heatControl/presentation/heatControl: 
2016-10-06T13:15:03 state/fanControl/presentation/fanControl: 
2016-10-06T13:15:03 state/holdControl/presentation/holdControl: 
2016-10-06T13:15:03 state/tempSlider/presentation/tempSlider: 
2016-10-06T13:15:03 state/weatherForecastToday/presentation/weatherForecastToday: 
2016-10-06T13:15:03 state/weatherForecastTomorrow/presentation/weatherForecastTomorrow: 
2016-10-06T13:15:03 state/heat/presentation/heat: 
2016-10-06T13:15:03 state/fan/presentation/fan: 
2016-10-06T13:15:03 state/motionSensor/presentation/motionSensor: 
2016-10-06T13:15:03 state/temperatureSensor/presentation/temperatureSensor: 
2016-10-06T13:15:03 state/screen/presentation/screen: 
2016-10-06T13:15:03 state/scheduler/presentation/scheduler: 
2016-10-06T13:15:03 state/webserver/presentation/webserver: 
2016-10-06T13:15:03 state/heatControl/set/binaryStatus: 0
2016-10-06T13:15:03 state/fanControl/set/binaryStatus: 0
2016-10-06T13:15:03 state/holdControl/set/binaryStatus: 0
2016-10-10T11:47:27 state/node/presentation/sketchName: Thermostat Starting Up...
2016-10-10T11:47:27 state/node/presentation/sketchVersion: 2.0.1
2016-10-10T11:47:27 state/heatControl/presentation/heatControl: 
2016-10-10T11:47:27 state/fanControl/presentation/fanControl: 
2016-10-10T11:47:27 state/holdControl/presentation/holdControl: 
2016-10-10T11:47:27 state/tempSlider/presentation/tempSlider: 
2016-10-10T11:47:27 state/weatherForecastToday/presentation/weatherForecastToday: 
2016-10-10T11:47:27 state/weatherForecastTomorrow/presentation/weatherForecastTomorrow: 
2016-10-10T11:47:27 state/heat/presentation/heat: 
2016-10-10T11:47:27 state/fan/presentation/fan: 
2016-10-10T11:47:27 state/motionSensor/presentation/motionSensor: 
2016-10-10T11:47:27 state/temperatureSensor/presentation/temperatureSensor: 
2016-10-10T11:47:27 state/screen/presentation/screen: 
2016-10-10T11:47:27 state/scheduler/presentation/scheduler: 
2016-10-10T11:47:27 state/webserver/presentation/webserver: 
2016-10-10T11:47:27 state/heatControl/set/binaryStatus: 0
2016-10-10T11:47:27 state/fanControl/set/binaryStatus: 0
2016-10-10T11:47:27 state/holdControl/set/binaryStatus: 0
2016-10-10T11:47:46 state/node/presentation/sketchName: Thermostat Starting Up...
2016-10-10T11:47:46 state/node/presentation/sketchVersion: 2.0.1
2016-10-10T11:47:46 state/heatControl/presentation/heatControl: 
2016-10-10T11:47:46 state/fanControl/presentation/fanControl: 
2016-10-10T11:47:46 state/holdControl/presentation/holdControl: 
2016-10-10T11:47:46 state/tempSlider/presentation/tempSlider: 
2016-10-10T11:47:46 state/weatherForecastToday/presentation/weatherForecastToday: 
2016-10-10T11:47:46 state/weatherForecastTomorrow/presentation/weatherForecastTomorrow: 
2016-10-10T11:47:46 state/heat/presentation/heat: 
2016-10-10T11:47:46 state/fan/presentation/fan: 
2016-10-10T11:47:46 state/motionSensor/presentation/motionSensor: 
2016-10-10T11:47:46 state/temperatureSensor/presentation/temperatureSensor: 
2016-10-10T11:47:46 state/screen/presentation/screen: 
2016-10-10T11:47:46 state/scheduler/presentation/scheduler: 
2016-10-10T11:47:46 state/webserver/presentation/webserver: 
2016-10-10T11:47:46 state/heatControl/set/binaryStatus: 0
2016-10-10T11:47:46 state/fanControl/set/binaryStatus: 0
2016-10-10T11:47:46 state/holdControl/set/binaryStatus: 0
2016-10-10T11:47:46 state/webserver/set/text: Starting on 192.168.1.101:8087
2016-10-10T11:47:48 state/heatControl/set/binaryStatus: 1
2016-10-10T11:47:48 state/holdControl/set/binaryStatus: 0
2016-10-10T11:47:49 state/heatControl/set/binaryStatus: 0
2016-10-10T11:47:56 error/weatherForecastToday/set/text: Update FAILED!
2016-10-10T11:52:56 error/weatherForecastToday/set/text: Update FAILED!
2016-10-10T11:57:56 error/weatherForecastToday/set/text: Update FAILED!
2016-10-10T11:59:34 state/heatControl/set/binaryStatus: 1
2016-10-10T11:59:34 state/holdControl/set/binaryStatus: 0
2016-10-10T11:59:36 state/heat/set/binaryStatus: 0
2016-10-10T11:59:36 state/fan/set/binaryStatus: 0
2016-10-10T11:59:37 state/heatControl/set/binaryStatus: 0
2016-10-10T11:59:41 state/heat/set/binaryStatus: 1
2016-10-10T12:02:56 error/weatherForecastToday/set/text: Update FAILED!
2016-10-10T12:07:56 error/weatherForecastToday/set/text: Update FAILED!
2016-10-10T12:12:56 error/weatherForecastToday/set/text: Update FAILED!
2016-10-10T12:14:13 state/node/set/custom/shutdown: Thermostat Shutting Down...
